#
# There is insufficient memory for the Java Runtime Environment to continue.
# Native memory allocation (mmap) failed to map 1610612736 bytes for G1 virtual space
# Possible reasons:
#   The system is out of physical RAM or swap space
#   The process is running with CompressedOops enabled, and the Java Heap may be blocking the growth of the native heap
# Possible solutions:
#   Reduce memory load on the system
#   Increase physical memory or swap space
#   Check if swap backing store is full
#   Decrease Java heap size (-Xmx/-Xms)
#   Decrease number of Java threads
#   Decrease Java thread stack sizes (-Xss)
#   Set larger code cache with -XX:ReservedCodeCacheSize=
#   JVM is running with Zero Based Compressed Oops mode in which the Java heap is
#     placed in the first 32GB address space. The Java Heap base address is the
#     maximum limit for the native heap growth. Please use -XX:HeapBaseMinAddress
#     to set the Java Heap base and to place the Java Heap above 32GB virtual address.
# This output file may be truncated or incomplete.
#
#  Out of Memory Error (os_windows.cpp:3469), pid=1172500, tid=990876
#
# JRE version:  (17.0.1+12) (build )
# Java VM: OpenJDK 64-Bit Server VM (17.0.1+12, mixed mode, sharing, tiered, compressed oops, compressed class ptrs, g1 gc, windows-amd64)
# Core dump will be written. Default location: C:\Users\$922000-MB7DHOVL5ID5\Ranjithworkspace\ServerSocket\hs_err_pid1172500.mdmp
#

---------------  S U M M A R Y ------------

Command Line: -Dfile.encoding=UTF-8 -XX:+ShowCodeDetailsInExceptionMessages com.ojas.socket.multithreads.ServerThreadpool

Host: AMD EPYC 7513 32-Core Processor                , 32 cores, 95G,  Windows Server 2019 , 64 bit Build 17763 (10.0.17763.475)
Time: Mon Mar 20 12:30:09 2023 India Standard Time elapsed time: 0.020772 seconds (0d 0h 0m 0s)

---------------  T H R E A D  ---------------

Current thread (0x000001e80e5b5fc0):  JavaThread "Unknown thread" [_thread_in_vm, id=990876, stack(0x000000d4b9100000,0x000000d4b9200000)]

Stack: [0x000000d4b9100000,0x000000d4b9200000]
Native frames: (J=compiled Java code, j=interpreted, Vv=VM code, C=native code)
V  [jvm.dll+0x6744da]
V  [jvm.dll+0x82e144]
V  [jvm.dll+0x82f8ee]
V  [jvm.dll+0x82ff53]
V  [jvm.dll+0x245175]
V  [jvm.dll+0x6714c9]
V  [jvm.dll+0x665f92]
V  [jvm.dll+0x303c3b]
V  [jvm.dll+0x30b176]
V  [jvm.dll+0x35af1e]
V  [jvm.dll+0x35b14f]
V  [jvm.dll+0x2dab78]
V  [jvm.dll+0x2dbae4]
V  [jvm.dll+0x7ffdf1]
V  [jvm.dll+0x368c91]
V  [jvm.dll+0x7df2cc]
V  [jvm.dll+0x3eb59f]
V  [jvm.dll+0x3ed121]
C  [jli.dll+0x5277]
C  [ucrtbase.dll+0x21ffa]
C  [KERNEL32.DLL+0x17974]
C  [ntdll.dll+0x6a271]


---------------  P R O C E S S  ---------------

Threads class SMR info:
_java_thread_list=0x00007ff9eb674e58, length=0, elements={
}

Java Threads: ( => current thread )

Other Threads:
  0x000001e822061bb0 GCTaskThread "GC Thread#0" [stack: 0x000000d4b9200000,0x000000d4b9300000] [id=1309076]
  0x000001e80e5d3cd0 ConcurrentGCThread "G1 Main Marker" [stack: 0x000000d4b9300000,0x000000d4b9400000] [id=1196140]
  0x000001e80e6012c0 ConcurrentGCThread "G1 Conc#0" [stack: 0x000000d4b9400000,0x000000d4b9500000] [id=1194852]

[error occurred during error reporting (printing all threads), id 0xc0000005, EXCEPTION_ACCESS_VIOLATION (0xc0000005) at pc=0x00007ff9eae4b5f7]

VM state: not at safepoint (not fully initialized)

VM Mutex/Monitor currently owned by a thread:  ([mutex/lock_event])
[0x000001e80e5b1c90] Heap_lock - owner thread: 0x000001e80e5b5fc0

Heap address: 0x0000000200000000, size: 24576 MB, Compressed Oops mode: Zero based, Oop shift amount: 3

CDS archive(s) mapped at: [0x0000000000000000-0x0000000000000000-0x0000000000000000), size 0, SharedBaseAddress: 0x0000000800000000, ArchiveRelocationMode: 0.
Narrow klass base: 0x0000000000000000, Narrow klass shift: 0, Narrow klass range: 0x0

GC Precious Log:
<Empty>

Heap:
 garbage-first heap   total 0K, used 0K [0x0000000200000000, 0x0000000800000000)
  region size 16384K, 0 young (0K), 0 survivors (0K)

[error occurred during error reporting (printing heap information), id 0xc0000005, EXCEPTION_ACCESS_VIOLATION (0xc0000005) at pc=0x00007ff9eb22d729]

GC Heap History (0 events):
No events

Deoptimization events (0 events):
No events

Classes unloaded (0 events):
No events

Classes redefined (0 events):
No events

Internal exceptions (0 events):
No events

VM Operations (0 events):
No events

Events (1 events):
Event: 0.008 Loaded shared library C:\Users\Public\sts-4.13.1.RELEASE\plugins\org.eclipse.justj.openjdk.hotspot.jre.full.win32.x86_64_17.0.1.v20211116-1657\jre\bin\java.dll


Dynamic libraries:
0x00007ff78d0f0000 - 0x00007ff78d0fe000 	C:\Users\Public\sts-4.13.1.RELEASE\plugins\org.eclipse.justj.openjdk.hotspot.jre.full.win32.x86_64_17.0.1.v20211116-1657\jre\bin\javaw.exe
0x00007ffa1cef0000 - 0x00007ffa1d0dd000 	C:\Windows\SYSTEM32\ntdll.dll
0x00007ffa1c290000 - 0x00007ffa1c343000 	C:\Windows\System32\KERNEL32.DLL
0x00007ffa18fb0000 - 0x00007ffa19243000 	C:\Windows\System32\KERNELBASE.dll
0x00007ffa19470000 - 0x00007ffa1956a000 	C:\Windows\System32\ucrtbase.dll
0x00007ffa13670000 - 0x00007ffa13688000 	C:\Users\Public\sts-4.13.1.RELEASE\plugins\org.eclipse.justj.openjdk.hotspot.jre.full.win32.x86_64_17.0.1.v20211116-1657\jre\bin\jli.dll
0x00007ffa04530000 - 0x00007ffa04549000 	C:\Users\Public\sts-4.13.1.RELEASE\plugins\org.eclipse.justj.openjdk.hotspot.jre.full.win32.x86_64_17.0.1.v20211116-1657\jre\bin\VCRUNTIME140.dll
0x00007ffa1bee0000 - 0x00007ffa1c077000 	C:\Windows\System32\USER32.dll
0x00007ffa0f0f0000 - 0x00007ffa0f369000 	C:\Windows\WinSxS\amd64_microsoft.windows.common-controls_6595b64144ccf1df_6.0.17763.973_none_05b245900721eb81\COMCTL32.dll
0x00007ffa19e10000 - 0x00007ffa19e30000 	C:\Windows\System32\win32u.dll
0x00007ffa1bdd0000 - 0x00007ffa1be6e000 	C:\Windows\System32\msvcrt.dll
0x00007ffa1c9e0000 - 0x00007ffa1ca09000 	C:\Windows\System32\GDI32.dll
0x00007ffa1a110000 - 0x00007ffa1a43c000 	C:\Windows\System32\combase.dll
0x00007ffa192d0000 - 0x00007ffa19469000 	C:\Windows\System32\gdi32full.dll
0x00007ffa1bb80000 - 0x00007ffa1bca2000 	C:\Windows\System32\RPCRT4.dll
0x00007ffa19620000 - 0x00007ffa196c0000 	C:\Windows\System32\msvcp_win.dll
0x00007ffa19250000 - 0x00007ffa192ce000 	C:\Windows\System32\bcryptPrimitives.dll
0x00007ffa1a5d0000 - 0x00007ffa1a5fe000 	C:\Windows\System32\IMM32.DLL
0x00007ffa15580000 - 0x00007ffa1558c000 	C:\Users\Public\sts-4.13.1.RELEASE\plugins\org.eclipse.justj.openjdk.hotspot.jre.full.win32.x86_64_17.0.1.v20211116-1657\jre\bin\vcruntime140_1.dll
0x00007ffa02990000 - 0x00007ffa02a21000 	C:\Users\Public\sts-4.13.1.RELEASE\plugins\org.eclipse.justj.openjdk.hotspot.jre.full.win32.x86_64_17.0.1.v20211116-1657\jre\bin\msvcp140.dll
0x00007ff9eab60000 - 0x00007ff9eb7a6000 	C:\Users\Public\sts-4.13.1.RELEASE\plugins\org.eclipse.justj.openjdk.hotspot.jre.full.win32.x86_64_17.0.1.v20211116-1657\jre\bin\server\jvm.dll
0x00007ffa1bd20000 - 0x00007ffa1bdc3000 	C:\Windows\System32\ADVAPI32.dll
0x00007ffa1c940000 - 0x00007ffa1c9de000 	C:\Windows\System32\sechost.dll
0x00007ffa1bcb0000 - 0x00007ffa1bcb8000 	C:\Windows\System32\PSAPI.DLL
0x00007ffa17130000 - 0x00007ffa17154000 	C:\Windows\SYSTEM32\WINMM.dll
0x00007ffa09820000 - 0x00007ffa09829000 	C:\Windows\SYSTEM32\WSOCK32.dll
0x00007ffa1be70000 - 0x00007ffa1bedd000 	C:\Windows\System32\WS2_32.dll
0x00007ffa16fe0000 - 0x00007ffa1700d000 	C:\Windows\SYSTEM32\winmmbase.dll
0x00007ffa11bc0000 - 0x00007ffa11bca000 	C:\Windows\SYSTEM32\VERSION.dll
0x00007ffa19e60000 - 0x00007ffa19eaa000 	C:\Windows\System32\cfgmgr32.dll
0x00007ffa18f30000 - 0x00007ffa18f41000 	C:\Windows\System32\kernel.appcore.dll
0x00007ffa15980000 - 0x00007ffa1598a000 	C:\Users\Public\sts-4.13.1.RELEASE\plugins\org.eclipse.justj.openjdk.hotspot.jre.full.win32.x86_64_17.0.1.v20211116-1657\jre\bin\jimage.dll
0x00007ffa08a90000 - 0x00007ffa08c7d000 	C:\Windows\SYSTEM32\DBGHELP.DLL
0x00007ffa087d0000 - 0x00007ffa087fa000 	C:\Windows\SYSTEM32\dbgcore.DLL
0x00007ffa0a2a0000 - 0x00007ffa0a2c5000 	C:\Users\Public\sts-4.13.1.RELEASE\plugins\org.eclipse.justj.openjdk.hotspot.jre.full.win32.x86_64_17.0.1.v20211116-1657\jre\bin\java.dll

dbghelp: loaded successfully - version: 4.0.5 - missing functions: none
symbol engine: initialized successfully - sym options: 0x614 - pdb path: .;C:\Users\Public\sts-4.13.1.RELEASE\plugins\org.eclipse.justj.openjdk.hotspot.jre.full.win32.x86_64_17.0.1.v20211116-1657\jre\bin;C:\Windows\SYSTEM32;C:\Windows\WinSxS\amd64_microsoft.windows.common-controls_6595b64144ccf1df_6.0.17763.973_none_05b245900721eb81;C:\Users\Public\sts-4.13.1.RELEASE\plugins\org.eclipse.justj.openjdk.hotspot.jre.full.win32.x86_64_17.0.1.v20211116-1657\jre\bin\server

VM Arguments:
jvm_args: -Dfile.encoding=UTF-8 -XX:+ShowCodeDetailsInExceptionMessages 
java_command: com.ojas.socket.multithreads.ServerThreadpool
java_class_path (initial): C:\Users\$922000-MB7DHOVL5ID5\Ranjithworkspace\ServerSocket\target\classes;C:\Users\$922000-MB7DHOVL5ID5\.m2\repository\org\springframework\boot\spring-boot-starter\3.0.4\spring-boot-starter-3.0.4.jar;C:\Users\$922000-MB7DHOVL5ID5\.m2\repository\org\springframework\boot\spring-boot\3.0.4\spring-boot-3.0.4.jar;C:\Users\$922000-MB7DHOVL5ID5\.m2\repository\org\springframework\spring-context\6.0.6\spring-context-6.0.6.jar;C:\Users\$922000-MB7DHOVL5ID5\.m2\repository\org\springframework\spring-aop\6.0.6\spring-aop-6.0.6.jar;C:\Users\$922000-MB7DHOVL5ID5\.m2\repository\org\springframework\spring-beans\6.0.6\spring-beans-6.0.6.jar;C:\Users\$922000-MB7DHOVL5ID5\.m2\repository\org\springframework\spring-expression\6.0.6\spring-expression-6.0.6.jar;C:\Users\$922000-MB7DHOVL5ID5\.m2\repository\org\springframework\boot\spring-boot-autoconfigure\3.0.4\spring-boot-autoconfigure-3.0.4.jar;C:\Users\$922000-MB7DHOVL5ID5\.m2\repository\org\springframework\boot\spring-boot-starter-logging\3.0.4\spring-boot-starter-logging-3.0.4.jar;C:\Users\$922000-MB7DHOVL5ID5\.m2\repository\ch\qos\logback\logback-classic\1.4.5\logback-classic-1.4.5.jar;C:\Users\$922000-MB7DHOVL5ID5\.m2\repository\ch\qos\logback\logback-core\1.4.5\logback-core-1.4.5.jar;C:\Users\$922000-MB7DHOVL5ID5\.m2\repository\org\apache\logging\log4j\log4j-to-slf4j\2.19.0\log4j-to-slf4j-2.19.0.jar;C:\Users\$922000-MB7DHOVL5ID5\.m2\repository\org\apache\logging\log4j\log4j-api\2.19.0\log4j-api-2.19.0.jar;C:\Users\$922000-MB7DHOVL5ID5\.m2\repository\org\slf4j\jul-to-slf4j\2.0.6\jul-to-slf4j-2.0.6.jar;C:\Users\$922000-MB7DHOVL5ID5\.m2\repository\jakarta\annotation\jakarta.annotation-api\2.1.1\jakarta.annotation-api-2.1.1.jar;C:\Users\$922000-MB7DHOVL5ID5\.m2\repository\org\springframework\spring-core\6.0.6\spring-core-6.0.6.jar;C:\Users\$922000-MB7DHOVL5ID5\.m2\repository\org\springframework\spring-jcl\6.0.6\spring-jcl-6.0.6.jar;C:\Users\$922000-MB7DHOVL5ID5\.m2\repository\org\yaml\snakeyaml\1.33\snakey
Launcher Type: SUN_STANDARD

[Global flags]
     intx CICompilerCount                          = 15                                        {product} {ergonomic}
     uint ConcGCThreads                            = 6                                         {product} {ergonomic}
     uint G1ConcRefinementThreads                  = 23                                        {product} {ergonomic}
   size_t G1HeapRegionSize                         = 16777216                                  {product} {ergonomic}
    uintx GCDrainStackTargetSize                   = 64                                        {product} {ergonomic}
   size_t InitialHeapSize                          = 1610612736                                {product} {ergonomic}
   size_t MarkStackSize                            = 4194304                                   {product} {ergonomic}
   size_t MaxHeapSize                              = 25769803776                               {product} {ergonomic}
   size_t MinHeapDeltaBytes                        = 16777216                                  {product} {ergonomic}
   size_t MinHeapSize                              = 16777216                                  {product} {ergonomic}
    uintx NonNMethodCodeHeapSize                   = 8192380                                {pd product} {ergonomic}
    uintx NonProfiledCodeHeapSize                  = 121732930                              {pd product} {ergonomic}
    uintx ProfiledCodeHeapSize                     = 121732930                              {pd product} {ergonomic}
    uintx ReservedCodeCacheSize                    = 251658240                              {pd product} {ergonomic}
     bool SegmentedCodeCache                       = true                                      {product} {ergonomic}
     bool ShowCodeDetailsInExceptionMessages       = true                                   {manageable} {command line}
   size_t SoftMaxHeapSize                          = 25769803776                            {manageable} {ergonomic}
     bool UseCompressedClassPointers               = true                           {product lp64_product} {ergonomic}
     bool UseCompressedOops                        = true                           {product lp64_product} {ergonomic}
     bool UseG1GC                                  = true                                      {product} {ergonomic}
     bool UseLargePagesIndividualAllocation        = false                                  {pd product} {ergonomic}

Logging:
Log output configuration:
 #0: stdout all=warning uptime,level,tags
 #1: stderr all=off uptime,level,tags

Environment Variables:
PATH=C:/Users/Public/sts-4.13.1.RELEASE//plugins/org.eclipse.justj.openjdk.hotspot.jre.full.win32.x86_64_17.0.1.v20211116-1657/jre/bin/server;C:/Users/Public/sts-4.13.1.RELEASE//plugins/org.eclipse.justj.openjdk.hotspot.jre.full.win32.x86_64_17.0.1.v20211116-1657/jre/bin;C:\Windows\system32;C:\Windows;C:\Windows\System32\Wbem;C:\Windows\System32\WindowsPowerShell\v1.0\;C:\Windows\System32\OpenSSH\;C:\Program Files\Microsoft VS Code\bin;C:\Program Files\PuTTY\;C:\Program Files\dotnet\;C:\Program Files\Git\cmd;C:\Program Files (x86)\Microsoft SQL Server\160\DTS\Binn\;C:\Program Files\Azure Data Studio\bin;C:\Program Files\nodejs\;C:\ProgramData\chocolatey\bin;C:\Program Files\BackupClient\CommandLineTool\;C:\Program Files (x86)\Common Files\Acronis\FileProtector\;C:\Program Files (x86)\Common Files\Acronis\FileProtector64\;C:\Program Files\BackupClient\PyShell\bin\;C:\Program Files (x86)\Common Files\Acronis\SnapAPI\;C:\Users\$922000-MB7DHOVL5ID5\AppData\Local\Microsoft\WindowsApps;;c:\Users\Public\sts-4.13.1.RELEASE;
USERNAME=$922000-MB7DHOVL5ID5
OS=Windows_NT
PROCESSOR_IDENTIFIER=AMD64 Family 23 Model 1 Stepping 2, AuthenticAMD



---------------  S Y S T E M  ---------------

OS:
 Windows Server 2019 , 64 bit Build 17763 (10.0.17763.475)
OS uptime: 6 days 10:33 hours
KVM virtualization detected

CPU: total 32 (initial active 32) (32 cores per cpu, 1 threads per core) family 23 model 1 stepping 2 microcode 0x0, cx8, cmov, fxsr, mmx, 3dnowpref, sse, sse2, sse3, ssse3, sse4a, sse4.1, sse4.2, popcnt, lzcnt, tsc, avx, avx2, aes, clmul, bmi1, bmi2, adx, sha, fma, vzeroupper, clflush, clflushopt, hv

Memory: 4k page, system-wide physical 98303M (2258M free)
TotalPageFile size 132095M (AvailPageFile size 1148M)
current process WorkingSet (physical memory assigned to process): 11M, peak: 11M
current process commit charge ("private bytes"): 92M, peak: 1627M

vm_info: OpenJDK 64-Bit Server VM (17.0.1+12) for windows-amd64 JRE (17.0.1+12), built on Oct 20 2021 07:42:55 by "" with MS VC++ 16.7 (VS2019)

END.
