#
# There is insufficient memory for the Java Runtime Environment to continue.
# Native memory allocation (mmap) failed to map 1610612736 bytes for G1 virtual space
# Possible reasons:
#   The system is out of physical RAM or swap space
#   The process is running with CompressedOops enabled, and the Java Heap may be blocking the growth of the native heap
# Possible solutions:
#   Reduce memory load on the system
#   Increase physical memory or swap space
#   Check if swap backing store is full
#   Decrease Java heap size (-Xmx/-Xms)
#   Decrease number of Java threads
#   Decrease Java thread stack sizes (-Xss)
#   Set larger code cache with -XX:ReservedCodeCacheSize=
#   JVM is running with Zero Based Compressed Oops mode in which the Java heap is
#     placed in the first 32GB address space. The Java Heap base address is the
#     maximum limit for the native heap growth. Please use -XX:HeapBaseMinAddress
#     to set the Java Heap base and to place the Java Heap above 32GB virtual address.
# This output file may be truncated or incomplete.
#
#  Out of Memory Error (os_windows.cpp:3469), pid=78396, tid=218724
#
# JRE version:  (17.0.1+12) (build )
# Java VM: OpenJDK 64-Bit Server VM (17.0.1+12, mixed mode, sharing, tiered, compressed oops, compressed class ptrs, g1 gc, windows-amd64)
# Core dump will be written. Default location: C:\Users\$922000-MB7DHOVL5ID5\Ranjithworkspace\JavaMailsender\hs_err_pid78396.mdmp
#

---------------  S U M M A R Y ------------

Command Line: -Dfile.encoding=UTF-8 -XX:+ShowCodeDetailsInExceptionMessages com.ojas.spring.controller.MailMessages2

Host: AMD EPYC 7513 32-Core Processor                , 32 cores, 95G,  Windows Server 2019 , 64 bit Build 17763 (10.0.17763.475)
Time: Wed Apr 12 12:22:10 2023 India Standard Time elapsed time: 0.140141 seconds (0d 0h 0m 0s)

---------------  T H R E A D  ---------------

Current thread (0x000001fe6acd5e30):  JavaThread "Unknown thread" [_thread_in_vm, id=218724, stack(0x0000007ef7a00000,0x0000007ef7b00000)]

Stack: [0x0000007ef7a00000,0x0000007ef7b00000]
Native frames: (J=compiled Java code, j=interpreted, Vv=VM code, C=native code)
V  [jvm.dll+0x6744da]
V  [jvm.dll+0x82e144]
V  [jvm.dll+0x82f8ee]
V  [jvm.dll+0x82ff53]
V  [jvm.dll+0x245175]
V  [jvm.dll+0x6714c9]
V  [jvm.dll+0x665f92]
V  [jvm.dll+0x303c3b]
V  [jvm.dll+0x30b176]
V  [jvm.dll+0x35af1e]
V  [jvm.dll+0x35b14f]
V  [jvm.dll+0x2dab78]
V  [jvm.dll+0x2dbae4]
V  [jvm.dll+0x7ffdf1]
V  [jvm.dll+0x368c91]
V  [jvm.dll+0x7df2cc]
V  [jvm.dll+0x3eb59f]
V  [jvm.dll+0x3ed121]
C  [jli.dll+0x5277]
C  [ucrtbase.dll+0x21ffa]
C  [KERNEL32.DLL+0x17974]
C  [ntdll.dll+0x6a271]


---------------  P R O C E S S  ---------------

Threads class SMR info:
_java_thread_list=0x00007ffdb5054e58, length=0, elements={
}

Java Threads: ( => current thread )

Other Threads:
  0x000001fe7e781c70 GCTaskThread "GC Thread#0" [stack: 0x0000007ef7b00000,0x0000007ef7c00000] [id=199628]
  0x000001fe6acf5f30 ConcurrentGCThread "G1 Main Marker" [stack: 0x0000007ef7c00000,0x0000007ef7d00000] [id=167440]
  0x000001fe6ad248e0 ConcurrentGCThread "G1 Conc#0" [stack: 0x0000007ef7d00000,0x0000007ef7e00000] [id=20092]

[error occurred during error reporting (printing all threads), id 0xc0000005, EXCEPTION_ACCESS_VIOLATION (0xc0000005) at pc=0x00007ffdb482b5f7]

VM state: not at safepoint (not fully initialized)

VM Mutex/Monitor currently owned by a thread:  ([mutex/lock_event])
[0x000001fe6acd31b0] Heap_lock - owner thread: 0x000001fe6acd5e30

Heap address: 0x0000000200000000, size: 24576 MB, Compressed Oops mode: Zero based, Oop shift amount: 3

CDS archive(s) mapped at: [0x0000000000000000-0x0000000000000000-0x0000000000000000), size 0, SharedBaseAddress: 0x0000000800000000, ArchiveRelocationMode: 0.
Narrow klass base: 0x0000000000000000, Narrow klass shift: 0, Narrow klass range: 0x0

GC Precious Log:
<Empty>

Heap:
 garbage-first heap   total 0K, used 0K [0x0000000200000000, 0x0000000800000000)
  region size 16384K, 0 young (0K), 0 survivors (0K)

[error occurred during error reporting (printing heap information), id 0xc0000005, EXCEPTION_ACCESS_VIOLATION (0xc0000005) at pc=0x00007ffdb4c0d729]

GC Heap History (0 events):
No events

Deoptimization events (0 events):
No events

Classes unloaded (0 events):
No events

Classes redefined (0 events):
No events

Internal exceptions (0 events):
No events

VM Operations (0 events):
No events

Events (1 events):
Event: 0.016 Loaded shared library C:\Users\Public\sts-4.13.1.RELEASE\plugins\org.eclipse.justj.openjdk.hotspot.jre.full.win32.x86_64_17.0.1.v20211116-1657\jre\bin\java.dll


Dynamic libraries:
0x00007ff7b2090000 - 0x00007ff7b209e000 	C:\Users\Public\sts-4.13.1.RELEASE\plugins\org.eclipse.justj.openjdk.hotspot.jre.full.win32.x86_64_17.0.1.v20211116-1657\jre\bin\javaw.exe
0x00007ffe13070000 - 0x00007ffe1325d000 	C:\Windows\SYSTEM32\ntdll.dll
0x00007ffe102c0000 - 0x00007ffe10373000 	C:\Windows\System32\KERNEL32.DLL
0x00007ffe0f410000 - 0x00007ffe0f6a3000 	C:\Windows\System32\KERNELBASE.dll
0x00007ffe0f870000 - 0x00007ffe0f96a000 	C:\Windows\System32\ucrtbase.dll
0x00007ffdf5920000 - 0x00007ffdf5938000 	C:\Users\Public\sts-4.13.1.RELEASE\plugins\org.eclipse.justj.openjdk.hotspot.jre.full.win32.x86_64_17.0.1.v20211116-1657\jre\bin\jli.dll
0x00007ffe12a90000 - 0x00007ffe12c27000 	C:\Windows\System32\USER32.dll
0x00007ffe0f850000 - 0x00007ffe0f870000 	C:\Windows\System32\win32u.dll
0x00007ffe10290000 - 0x00007ffe102b9000 	C:\Windows\System32\GDI32.dll
0x00007ffe0f6b0000 - 0x00007ffe0f849000 	C:\Windows\System32\gdi32full.dll
0x00007ffe100c0000 - 0x00007ffe10160000 	C:\Windows\System32\msvcp_win.dll
0x00007ffe03bd0000 - 0x00007ffe03e49000 	C:\Windows\WinSxS\amd64_microsoft.windows.common-controls_6595b64144ccf1df_6.0.17763.973_none_05b245900721eb81\COMCTL32.dll
0x00007ffe12fa0000 - 0x00007ffe1303e000 	C:\Windows\System32\msvcrt.dll
0x00007ffe11ec0000 - 0x00007ffe121ec000 	C:\Windows\System32\combase.dll
0x00007ffe11d90000 - 0x00007ffe11eb2000 	C:\Windows\System32\RPCRT4.dll
0x00007ffe10210000 - 0x00007ffe1028e000 	C:\Windows\System32\bcryptPrimitives.dll
0x00007ffdf5940000 - 0x00007ffdf5959000 	C:\Users\Public\sts-4.13.1.RELEASE\plugins\org.eclipse.justj.openjdk.hotspot.jre.full.win32.x86_64_17.0.1.v20211116-1657\jre\bin\VCRUNTIME140.dll
0x00007ffe10380000 - 0x00007ffe103ae000 	C:\Windows\System32\IMM32.DLL
0x00007ffe08320000 - 0x00007ffe0832c000 	C:\Users\Public\sts-4.13.1.RELEASE\plugins\org.eclipse.justj.openjdk.hotspot.jre.full.win32.x86_64_17.0.1.v20211116-1657\jre\bin\vcruntime140_1.dll
0x00007ffdeb550000 - 0x00007ffdeb5e1000 	C:\Users\Public\sts-4.13.1.RELEASE\plugins\org.eclipse.justj.openjdk.hotspot.jre.full.win32.x86_64_17.0.1.v20211116-1657\jre\bin\msvcp140.dll
0x00007ffdb4540000 - 0x00007ffdb5186000 	C:\Users\Public\sts-4.13.1.RELEASE\plugins\org.eclipse.justj.openjdk.hotspot.jre.full.win32.x86_64_17.0.1.v20211116-1657\jre\bin\server\jvm.dll
0x00007ffe11bd0000 - 0x00007ffe11c73000 	C:\Windows\System32\ADVAPI32.dll
0x00007ffe12c40000 - 0x00007ffe12cde000 	C:\Windows\System32\sechost.dll
0x00007ffe12260000 - 0x00007ffe12268000 	C:\Windows\System32\PSAPI.DLL
0x00007ffe0c290000 - 0x00007ffe0c2b4000 	C:\Windows\SYSTEM32\WINMM.dll
0x00007ffe04500000 - 0x00007ffe0450a000 	C:\Windows\SYSTEM32\VERSION.dll
0x00007ffe0be00000 - 0x00007ffe0be2d000 	C:\Windows\SYSTEM32\WINMMBASE.dll
0x00007ffe0f1e0000 - 0x00007ffe0f22a000 	C:\Windows\System32\cfgmgr32.dll
0x00007ffdfdcc0000 - 0x00007ffdfdcc9000 	C:\Windows\SYSTEM32\WSOCK32.dll
0x00007ffe11c80000 - 0x00007ffe11ced000 	C:\Windows\System32\WS2_32.dll
0x00007ffe0f080000 - 0x00007ffe0f091000 	C:\Windows\System32\kernel.appcore.dll
0x00007ffe0ac00000 - 0x00007ffe0ac0a000 	C:\Users\Public\sts-4.13.1.RELEASE\plugins\org.eclipse.justj.openjdk.hotspot.jre.full.win32.x86_64_17.0.1.v20211116-1657\jre\bin\jimage.dll
0x00007ffe07f40000 - 0x00007ffe0812d000 	C:\Windows\SYSTEM32\DBGHELP.DLL
0x00007ffe07b50000 - 0x00007ffe07b7a000 	C:\Windows\SYSTEM32\dbgcore.DLL
0x00007ffe04660000 - 0x00007ffe04685000 	C:\Users\Public\sts-4.13.1.RELEASE\plugins\org.eclipse.justj.openjdk.hotspot.jre.full.win32.x86_64_17.0.1.v20211116-1657\jre\bin\java.dll

dbghelp: loaded successfully - version: 4.0.5 - missing functions: none
symbol engine: initialized successfully - sym options: 0x614 - pdb path: .;C:\Users\Public\sts-4.13.1.RELEASE\plugins\org.eclipse.justj.openjdk.hotspot.jre.full.win32.x86_64_17.0.1.v20211116-1657\jre\bin;C:\Windows\SYSTEM32;C:\Windows\WinSxS\amd64_microsoft.windows.common-controls_6595b64144ccf1df_6.0.17763.973_none_05b245900721eb81;C:\Users\Public\sts-4.13.1.RELEASE\plugins\org.eclipse.justj.openjdk.hotspot.jre.full.win32.x86_64_17.0.1.v20211116-1657\jre\bin\server

VM Arguments:
jvm_args: -Dfile.encoding=UTF-8 -XX:+ShowCodeDetailsInExceptionMessages 
java_command: com.ojas.spring.controller.MailMessages2
java_class_path (initial): C:\Users\$922000-MB7DHOVL5ID5\Ranjithworkspace\JavaMailsender\target\classes;C:\Users\$922000-MB7DHOVL5ID5\.m2\repository\org\springframework\boot\spring-boot-starter-mail\2.7.10\spring-boot-starter-mail-2.7.10.jar;C:\Users\$922000-MB7DHOVL5ID5\.m2\repository\org\springframework\boot\spring-boot-starter\2.7.10\spring-boot-starter-2.7.10.jar;C:\Users\$922000-MB7DHOVL5ID5\.m2\repository\org\springframework\boot\spring-boot-starter-logging\2.7.10\spring-boot-starter-logging-2.7.10.jar;C:\Users\$922000-MB7DHOVL5ID5\.m2\repository\ch\qos\logback\logback-classic\1.2.11\logback-classic-1.2.11.jar;C:\Users\$922000-MB7DHOVL5ID5\.m2\repository\ch\qos\logback\logback-core\1.2.11\logback-core-1.2.11.jar;C:\Users\$922000-MB7DHOVL5ID5\.m2\repository\org\apache\logging\log4j\log4j-to-slf4j\2.17.2\log4j-to-slf4j-2.17.2.jar;C:\Users\$922000-MB7DHOVL5ID5\.m2\repository\org\apache\logging\log4j\log4j-api\2.17.2\log4j-api-2.17.2.jar;C:\Users\$922000-MB7DHOVL5ID5\.m2\repository\org\slf4j\jul-to-slf4j\1.7.36\jul-to-slf4j-1.7.36.jar;C:\Users\$922000-MB7DHOVL5ID5\.m2\repository\jakarta\annotation\jakarta.annotation-api\1.3.5\jakarta.annotation-api-1.3.5.jar;C:\Users\$922000-MB7DHOVL5ID5\.m2\repository\org\yaml\snakeyaml\1.30\snakeyaml-1.30.jar;C:\Users\$922000-MB7DHOVL5ID5\.m2\repository\org\springframework\spring-context-support\5.3.26\spring-context-support-5.3.26.jar;C:\Users\$922000-MB7DHOVL5ID5\.m2\repository\org\springframework\spring-beans\5.3.26\spring-beans-5.3.26.jar;C:\Users\$922000-MB7DHOVL5ID5\.m2\repository\org\springframework\spring-context\5.3.26\spring-context-5.3.26.jar;C:\Users\$922000-MB7DHOVL5ID5\.m2\repository\com\sun\mail\jakarta.mail\1.6.7\jakarta.mail-1.6.7.jar;C:\Users\$922000-MB7DHOVL5ID5\.m2\repository\com\sun\activation\jakarta.activation\1.2.2\jakarta.activation-1.2.2.jar;C:\Users\$922000-MB7DHOVL5ID5\.m2\repository\org\springframework\boot\spring-boot-starter-web\2.7.10\spring-boot-starter-web-2.7.10.jar;C:\Users\$922000-MB7DHOVL5
Launcher Type: SUN_STANDARD

[Global flags]
     intx CICompilerCount                          = 15                                        {product} {ergonomic}
     uint ConcGCThreads                            = 6                                         {product} {ergonomic}
     uint G1ConcRefinementThreads                  = 23                                        {product} {ergonomic}
   size_t G1HeapRegionSize                         = 16777216                                  {product} {ergonomic}
    uintx GCDrainStackTargetSize                   = 64                                        {product} {ergonomic}
   size_t InitialHeapSize                          = 1610612736                                {product} {ergonomic}
   size_t MarkStackSize                            = 4194304                                   {product} {ergonomic}
   size_t MaxHeapSize                              = 25769803776                               {product} {ergonomic}
   size_t MinHeapDeltaBytes                        = 16777216                                  {product} {ergonomic}
   size_t MinHeapSize                              = 16777216                                  {product} {ergonomic}
    uintx NonNMethodCodeHeapSize                   = 8192380                                {pd product} {ergonomic}
    uintx NonProfiledCodeHeapSize                  = 121732930                              {pd product} {ergonomic}
    uintx ProfiledCodeHeapSize                     = 121732930                              {pd product} {ergonomic}
    uintx ReservedCodeCacheSize                    = 251658240                              {pd product} {ergonomic}
     bool SegmentedCodeCache                       = true                                      {product} {ergonomic}
     bool ShowCodeDetailsInExceptionMessages       = true                                   {manageable} {command line}
   size_t SoftMaxHeapSize                          = 25769803776                            {manageable} {ergonomic}
     bool UseCompressedClassPointers               = true                           {product lp64_product} {ergonomic}
     bool UseCompressedOops                        = true                           {product lp64_product} {ergonomic}
     bool UseG1GC                                  = true                                      {product} {ergonomic}
     bool UseLargePagesIndividualAllocation        = false                                  {pd product} {ergonomic}

Logging:
Log output configuration:
 #0: stdout all=warning uptime,level,tags
 #1: stderr all=off uptime,level,tags

Environment Variables:
PATH=C:/Users/Public/sts-4.13.1.RELEASE//plugins/org.eclipse.justj.openjdk.hotspot.jre.full.win32.x86_64_17.0.1.v20211116-1657/jre/bin/server;C:/Users/Public/sts-4.13.1.RELEASE//plugins/org.eclipse.justj.openjdk.hotspot.jre.full.win32.x86_64_17.0.1.v20211116-1657/jre/bin;C:\Windows\system32;C:\Windows;C:\Windows\System32\Wbem;C:\Windows\System32\WindowsPowerShell\v1.0\;C:\Windows\System32\OpenSSH\;C:\Program Files\Microsoft VS Code\bin;C:\Program Files\PuTTY\;C:\Program Files\dotnet\;C:\Program Files\Git\cmd;C:\Program Files (x86)\Microsoft SQL Server\160\DTS\Binn\;C:\Program Files\Azure Data Studio\bin;C:\Program Files\nodejs\;C:\ProgramData\chocolatey\bin;C:\Program Files\BackupClient\CommandLineTool\;C:\Program Files (x86)\Common Files\Acronis\FileProtector\;C:\Program Files (x86)\Common Files\Acronis\FileProtector64\;C:\Program Files\BackupClient\PyShell\bin\;C:\Program Files (x86)\Common Files\Acronis\SnapAPI\;C:\Program Files\Python310\;C:\Users\$922000-MB7DHOVL5ID5\AppData\Local\Microsoft\WindowsApps;;c:\Users\Public\sts-4.13.1.RELEASE;
USERNAME=$922000-MB7DHOVL5ID5
OS=Windows_NT
PROCESSOR_IDENTIFIER=AMD64 Family 23 Model 1 Stepping 2, AuthenticAMD



---------------  S Y S T E M  ---------------

OS:
 Windows Server 2019 , 64 bit Build 17763 (10.0.17763.475)
OS uptime: 19 days 4:15 hours
KVM virtualization detected

CPU: total 32 (initial active 32) (32 cores per cpu, 1 threads per core) family 23 model 1 stepping 2 microcode 0x0, cx8, cmov, fxsr, mmx, 3dnowpref, sse, sse2, sse3, ssse3, sse4a, sse4.1, sse4.2, popcnt, lzcnt, tsc, avx, avx2, aes, clmul, bmi1, bmi2, adx, sha, fma, vzeroupper, clflush, clflushopt, hv

Memory: 4k page, system-wide physical 98303M (2846M free)
TotalPageFile size 132095M (AvailPageFile size 1529M)
current process WorkingSet (physical memory assigned to process): 11M, peak: 11M
current process commit charge ("private bytes"): 91M, peak: 1627M

vm_info: OpenJDK 64-Bit Server VM (17.0.1+12) for windows-amd64 JRE (17.0.1+12), built on Oct 20 2021 07:42:55 by "" with MS VC++ 16.7 (VS2019)

END.
